e:\dev\jdriver\jdriver\jdriver\x64\debug\vc140.pdb
e:\dev\jdriver\jdriver\jdriver\x64\debug\usb.obj
e:\dev\jdriver\jdriver\jdriver\x64\debug\hid.obj
e:\dev\jdriver\jdriver\jdriver\x64\debug\driver.obj
e:\dev\jdriver\jdriver\x64\debug\jdriver\jdriver.cat
e:\dev\jdriver\jdriver\x64\debug\jdriver.sys
e:\dev\jdriver\jdriver\x64\debug\jdriver.pdb
e:\dev\jdriver\jdriver\jdriver\x64\debug\jdriver.inf
e:\dev\jdriver\jdriver\jdriver\x64\debug\usb.tmh
e:\dev\jdriver\jdriver\x64\debug\jdriver.cer
e:\dev\jdriver\jdriver\x64\debug\jdriver.inf
e:\dev\jdriver\jdriver\jdriver\x64\debug\jdriver.tlog\cl.command.1.tlog
e:\dev\jdriver\jdriver\jdriver\x64\debug\jdriver.tlog\cl.read.1.tlog
e:\dev\jdriver\jdriver\jdriver\x64\debug\jdriver.tlog\cl.write.1.tlog
e:\dev\jdriver\jdriver\jdriver\x64\debug\jdriver.tlog\inf2cat-expand.10156.read.1.tlog
e:\dev\jdriver\jdriver\jdriver\x64\debug\jdriver.tlog\inf2cat-expand.10156.write.1.tlog
e:\dev\jdriver\jdriver\jdriver\x64\debug\jdriver.tlog\inf2cat-expand.10920.read.1.tlog
e:\dev\jdriver\jdriver\jdriver\x64\debug\jdriver.tlog\inf2cat-expand.10920.write.1.tlog
e:\dev\jdriver\jdriver\jdriver\x64\debug\jdriver.tlog\inf2cat-expand.11148.read.1.tlog
e:\dev\jdriver\jdriver\jdriver\x64\debug\jdriver.tlog\inf2cat-expand.11148.write.1.tlog
e:\dev\jdriver\jdriver\jdriver\x64\debug\jdriver.tlog\inf2cat-expand.11244.read.1.tlog
e:\dev\jdriver\jdriver\jdriver\x64\debug\jdriver.tlog\inf2cat-expand.11244.write.1.tlog
e:\dev\jdriver\jdriver\jdriver\x64\debug\jdriver.tlog\inf2cat-expand.1144.read.1.tlog
e:\dev\jdriver\jdriver\jdriver\x64\debug\jdriver.tlog\inf2cat-expand.1144.write.1.tlog
e:\dev\jdriver\jdriver\jdriver\x64\debug\jdriver.tlog\inf2cat-expand.11488.read.1.tlog
e:\dev\jdriver\jdriver\jdriver\x64\debug\jdriver.tlog\inf2cat-expand.11488.write.1.tlog
e:\dev\jdriver\jdriver\jdriver\x64\debug\jdriver.tlog\inf2cat-expand.11540.read.1.tlog
e:\dev\jdriver\jdriver\jdriver\x64\debug\jdriver.tlog\inf2cat-expand.11540.write.1.tlog
e:\dev\jdriver\jdriver\jdriver\x64\debug\jdriver.tlog\inf2cat-expand.11684.read.1.tlog
e:\dev\jdriver\jdriver\jdriver\x64\debug\jdriver.tlog\inf2cat-expand.11684.write.1.tlog
e:\dev\jdriver\jdriver\jdriver\x64\debug\jdriver.tlog\inf2cat-expand.11696.read.1.tlog
e:\dev\jdriver\jdriver\jdriver\x64\debug\jdriver.tlog\inf2cat-expand.11696.write.1.tlog
e:\dev\jdriver\jdriver\jdriver\x64\debug\jdriver.tlog\inf2cat-expand.1668.read.1.tlog
e:\dev\jdriver\jdriver\jdriver\x64\debug\jdriver.tlog\inf2cat-expand.1668.write.1.tlog
e:\dev\jdriver\jdriver\jdriver\x64\debug\jdriver.tlog\inf2cat-expand.2312.read.1.tlog
e:\dev\jdriver\jdriver\jdriver\x64\debug\jdriver.tlog\inf2cat-expand.2312.write.1.tlog
e:\dev\jdriver\jdriver\jdriver\x64\debug\jdriver.tlog\inf2cat-expand.3136.read.1.tlog
e:\dev\jdriver\jdriver\jdriver\x64\debug\jdriver.tlog\inf2cat-expand.3136.write.1.tlog
e:\dev\jdriver\jdriver\jdriver\x64\debug\jdriver.tlog\inf2cat-expand.4400.read.1.tlog
e:\dev\jdriver\jdriver\jdriver\x64\debug\jdriver.tlog\inf2cat-expand.4400.write.1.tlog
e:\dev\jdriver\jdriver\jdriver\x64\debug\jdriver.tlog\inf2cat-expand.5752.read.1.tlog
e:\dev\jdriver\jdriver\jdriver\x64\debug\jdriver.tlog\inf2cat-expand.5752.write.1.tlog
e:\dev\jdriver\jdriver\jdriver\x64\debug\jdriver.tlog\inf2cat-expand.5784.read.1.tlog
e:\dev\jdriver\jdriver\jdriver\x64\debug\jdriver.tlog\inf2cat-expand.5784.write.1.tlog
e:\dev\jdriver\jdriver\jdriver\x64\debug\jdriver.tlog\inf2cat-expand.6480.read.1.tlog
e:\dev\jdriver\jdriver\jdriver\x64\debug\jdriver.tlog\inf2cat-expand.6480.write.1.tlog
e:\dev\jdriver\jdriver\jdriver\x64\debug\jdriver.tlog\inf2cat-expand.7484.read.1.tlog
e:\dev\jdriver\jdriver\jdriver\x64\debug\jdriver.tlog\inf2cat-expand.7484.write.1.tlog
e:\dev\jdriver\jdriver\jdriver\x64\debug\jdriver.tlog\inf2cat-expand.8312.read.1.tlog
e:\dev\jdriver\jdriver\jdriver\x64\debug\jdriver.tlog\inf2cat-expand.8312.write.1.tlog
e:\dev\jdriver\jdriver\jdriver\x64\debug\jdriver.tlog\inf2cat-expand.8712.read.1.tlog
e:\dev\jdriver\jdriver\jdriver\x64\debug\jdriver.tlog\inf2cat-expand.8712.write.1.tlog
e:\dev\jdriver\jdriver\jdriver\x64\debug\jdriver.tlog\inf2cat-expand.8832.read.1.tlog
e:\dev\jdriver\jdriver\jdriver\x64\debug\jdriver.tlog\inf2cat-expand.8832.write.1.tlog
e:\dev\jdriver\jdriver\jdriver\x64\debug\jdriver.tlog\inf2cat-expand.9532.read.1.tlog
e:\dev\jdriver\jdriver\jdriver\x64\debug\jdriver.tlog\inf2cat-expand.9532.write.1.tlog
e:\dev\jdriver\jdriver\jdriver\x64\debug\jdriver.tlog\inf2cat-expand.read.1.tlog
e:\dev\jdriver\jdriver\jdriver\x64\debug\jdriver.tlog\inf2cat-expand.write.1.tlog
e:\dev\jdriver\jdriver\jdriver\x64\debug\jdriver.tlog\inf2cat.command.1.tlog
e:\dev\jdriver\jdriver\jdriver\x64\debug\jdriver.tlog\inf2cat.read.1.tlog
e:\dev\jdriver\jdriver\jdriver\x64\debug\jdriver.tlog\inf2cat.write.1.tlog
e:\dev\jdriver\jdriver\jdriver\x64\debug\jdriver.tlog\link.command.1.tlog
e:\dev\jdriver\jdriver\jdriver\x64\debug\jdriver.tlog\link.read.1.tlog
e:\dev\jdriver\jdriver\jdriver\x64\debug\jdriver.tlog\link.write.1.tlog
e:\dev\jdriver\jdriver\jdriver\x64\debug\jdriver.tlog\signtool.command.1.tlog
e:\dev\jdriver\jdriver\jdriver\x64\debug\jdriver.tlog\signtool.read.1.tlog
e:\dev\jdriver\jdriver\jdriver\x64\debug\jdriver.tlog\signtool.timestamp.1.tlog
e:\dev\jdriver\jdriver\jdriver\x64\debug\jdriver.tlog\signtool.write.1.tlog
e:\dev\jdriver\jdriver\jdriver\x64\debug\jdriver.tlog\stampinf.command.1.tlog
e:\dev\jdriver\jdriver\jdriver\x64\debug\jdriver.tlog\stampinf.read.1.tlog
e:\dev\jdriver\jdriver\jdriver\x64\debug\jdriver.tlog\stampinf.write.1.tlog
e:\dev\jdriver\jdriver\jdriver\x64\debug\jdriver.tlog\tracewpp.command.1.tlog
e:\dev\jdriver\jdriver\jdriver\x64\debug\jdriver.tlog\tracewpp.read.1.tlog
e:\dev\jdriver\jdriver\jdriver\x64\debug\jdriver.tlog\tracewpp.write.1.tlog
